2021-02-24 17:38:01,385 [Client thread] WARN GottschCore | VersionChecker.java:55 | Bad URL: null
2021-02-24 17:38:01,387 [Client thread] INFO GottschCore | VersionChecker.java:110 | [dungeons2] Starting version check at https://raw.githubusercontent.com/gottsch/gottsch-minecraft-Dungeons2/master/Dungeons2-1.12.2/update.json
2021-02-24 17:38:01,410 [Client thread] WARN GottschCore | VersionChecker.java:119 | Unexpected expection in data stream: 
java.io.FileNotFoundException: https://raw.githubusercontent.com/gottsch/gottsch-minecraft-Dungeons2/master/Dungeons2-1.12.2/update.json
	at sun.net.www.protocol.http.HttpURLConnection.getInputStream0(HttpURLConnection.java:1835) ~[?:1.8.0_51]
	at sun.net.www.protocol.http.HttpURLConnection.access$200(HttpURLConnection.java:90) ~[?:1.8.0_51]
	at sun.net.www.protocol.http.HttpURLConnection$9.run(HttpURLConnection.java:1432) ~[?:1.8.0_51]
	at sun.net.www.protocol.http.HttpURLConnection$9.run(HttpURLConnection.java:1430) ~[?:1.8.0_51]
	at java.security.AccessController.doPrivileged(Native Method) ~[?:1.8.0_51]
	at java.security.AccessController.doPrivileged(AccessController.java:713) ~[?:1.8.0_51]
	at sun.net.www.protocol.http.HttpURLConnection.getInputStream(HttpURLConnection.java:1429) ~[?:1.8.0_51]
	at sun.net.www.protocol.https.HttpsURLConnectionImpl.getInputStream(HttpsURLConnectionImpl.java:254) ~[?:1.8.0_51]
	at java.net.URL.openStream(URL.java:1038) ~[?:1.8.0_51]
	at com.someguyssoftware.gottschcore.version.VersionChecker.getVersionUsingForge(VersionChecker.java:114) [VersionChecker.class:mc1.12.2-f14.23.5.2854-v1.14.0]
	at com.someguyssoftware.gottschcore.mod.AbstractMod.postInit(AbstractMod.java:65) [AbstractMod.class:mc1.12.2-f14.23.5.2854-v1.14.0]
	at com.someguyssoftware.dungeons2.Dungeons2.postInit(Dungeons2.java:199) [Dungeons2.class:?]
	at sun.reflect.NativeMethodAccessorImpl.invoke0(Native Method) ~[?:1.8.0_51]
	at sun.reflect.NativeMethodAccessorImpl.invoke(NativeMethodAccessorImpl.java:62) ~[?:1.8.0_51]
	at sun.reflect.DelegatingMethodAccessorImpl.invoke(DelegatingMethodAccessorImpl.java:43) ~[?:1.8.0_51]
	at java.lang.reflect.Method.invoke(Method.java:497) ~[?:1.8.0_51]
	at net.minecraftforge.fml.common.FMLModContainer.handleModStateEvent(FMLModContainer.java:637) [FMLModContainer.class:?]
	at sun.reflect.GeneratedMethodAccessor5.invoke(Unknown Source) ~[?:?]
	at sun.reflect.DelegatingMethodAccessorImpl.invoke(DelegatingMethodAccessorImpl.java:43) ~[?:1.8.0_51]
	at java.lang.reflect.Method.invoke(Method.java:497) ~[?:1.8.0_51]
	at com.google.common.eventbus.Subscriber.invokeSubscriberMethod(Subscriber.java:91) [guava-21.0.jar:?]
	at com.google.common.eventbus.Subscriber$SynchronizedSubscriber.invokeSubscriberMethod(Subscriber.java:150) [guava-21.0.jar:?]
	at com.google.common.eventbus.Subscriber$1.run(Subscriber.java:76) [guava-21.0.jar:?]
	at com.google.common.util.concurrent.MoreExecutors$DirectExecutor.execute(MoreExecutors.java:399) [guava-21.0.jar:?]
	at com.google.common.eventbus.Subscriber.dispatchEvent(Subscriber.java:71) [guava-21.0.jar:?]
	at com.google.common.eventbus.Dispatcher$PerThreadQueuedDispatcher.dispatch(Dispatcher.java:116) [guava-21.0.jar:?]
	at com.google.common.eventbus.EventBus.post(EventBus.java:217) [guava-21.0.jar:?]
	at net.minecraftforge.fml.common.LoadController.sendEventToModContainer(LoadController.java:219) [LoadController.class:?]
	at net.minecraftforge.fml.common.LoadController.propogateStateMessage(LoadController.java:197) [LoadController.class:?]
	at sun.reflect.NativeMethodAccessorImpl.invoke0(Native Method) ~[?:1.8.0_51]
	at sun.reflect.NativeMethodAccessorImpl.invoke(NativeMethodAccessorImpl.java:62) ~[?:1.8.0_51]
	at sun.reflect.DelegatingMethodAccessorImpl.invoke(DelegatingMethodAccessorImpl.java:43) ~[?:1.8.0_51]
	at java.lang.reflect.Method.invoke(Method.java:497) ~[?:1.8.0_51]
	at com.google.common.eventbus.Subscriber.invokeSubscriberMethod(Subscriber.java:91) [guava-21.0.jar:?]
	at com.google.common.eventbus.Subscriber$SynchronizedSubscriber.invokeSubscriberMethod(Subscriber.java:150) [guava-21.0.jar:?]
	at com.google.common.eventbus.Subscriber$1.run(Subscriber.java:76) [guava-21.0.jar:?]
	at com.google.common.util.concurrent.MoreExecutors$DirectExecutor.execute(MoreExecutors.java:399) [guava-21.0.jar:?]
	at com.google.common.eventbus.Subscriber.dispatchEvent(Subscriber.java:71) [guava-21.0.jar:?]
	at com.google.common.eventbus.Dispatcher$PerThreadQueuedDispatcher.dispatch(Dispatcher.java:116) [guava-21.0.jar:?]
	at com.google.common.eventbus.EventBus.post(EventBus.java:217) [guava-21.0.jar:?]
	at net.minecraftforge.fml.common.LoadController.distributeStateMessage(LoadController.java:136) [LoadController.class:?]
	at net.minecraftforge.fml.common.Loader.initializeMods(Loader.java:754) [Loader.class:?]
	at net.minecraftforge.fml.client.FMLClientHandler.finishMinecraftLoading(FMLClientHandler.java:336) [FMLClientHandler.class:?]
	at net.minecraft.client.Minecraft.func_71384_a(Minecraft.java:535) [bib.class:?]
	at net.minecraft.client.Minecraft.func_99999_d(Minecraft.java:4431) [bib.class:?]
	at net.minecraft.client.main.Main.main(SourceFile:123) [Main.class:?]
	at sun.reflect.NativeMethodAccessorImpl.invoke0(Native Method) ~[?:1.8.0_51]
	at sun.reflect.NativeMethodAccessorImpl.invoke(NativeMethodAccessorImpl.java:62) ~[?:1.8.0_51]
	at sun.reflect.DelegatingMethodAccessorImpl.invoke(DelegatingMethodAccessorImpl.java:43) ~[?:1.8.0_51]
	at java.lang.reflect.Method.invoke(Method.java:497) ~[?:1.8.0_51]
	at net.minecraft.launchwrapper.Launch.launch(Launch.java:135) [launchwrapper-1.12.jar:?]
	at net.minecraft.launchwrapper.Launch.main(Launch.java:28) [launchwrapper-1.12.jar:?]
2021-02-24 17:38:01,411 [Client thread] WARN GottschCore | VersionChecker.java:55 | Bad URL: 
2021-02-24 17:38:13,291 [Client thread] INFO GottschCore | VersionChecker.java:110 | [treasure2] Starting version check at https://raw.githubusercontent.com/gottsch/gottsch-minecraft-Treasure/master/update.json
2021-02-24 18:09:07,277 [Server thread] ERROR GottschCore | LootTableMaster2.java:252 | is file system (config) loot table current -> true
2021-02-24 18:09:07,278 [Server thread] ERROR GottschCore | LootTableMaster2.java:252 | is file system (config) loot table current -> true
2021-02-24 18:09:07,279 [Server thread] ERROR GottschCore | LootTableMaster2.java:252 | is file system (config) loot table current -> true
2021-02-24 18:09:07,282 [Server thread] ERROR GottschCore | LootTableMaster2.java:252 | is file system (config) loot table current -> true
2021-02-24 18:09:07,282 [Server thread] ERROR GottschCore | LootTableMaster2.java:252 | is file system (config) loot table current -> true
2021-02-24 18:09:07,283 [Server thread] ERROR GottschCore | LootTableMaster2.java:252 | is file system (config) loot table current -> true
2021-02-24 18:09:07,285 [Server thread] ERROR GottschCore | LootTableMaster2.java:252 | is file system (config) loot table current -> true
2021-02-24 18:09:07,286 [Server thread] ERROR GottschCore | LootTableMaster2.java:252 | is file system (config) loot table current -> true
2021-02-24 18:09:07,286 [Server thread] ERROR GottschCore | LootTableMaster2.java:252 | is file system (config) loot table current -> true
2021-02-24 18:09:07,289 [Server thread] ERROR GottschCore | LootTableMaster2.java:252 | is file system (config) loot table current -> true
2021-02-24 18:09:07,290 [Server thread] ERROR GottschCore | LootTableMaster2.java:252 | is file system (config) loot table current -> true
2021-02-24 18:09:07,290 [Server thread] ERROR GottschCore | LootTableMaster2.java:252 | is file system (config) loot table current -> true
2021-02-24 18:09:07,293 [Server thread] ERROR GottschCore | LootTableMaster2.java:252 | is file system (config) loot table current -> true
2021-02-24 18:09:07,296 [Server thread] ERROR GottschCore | LootTableMaster2.java:252 | is file system (config) loot table current -> true
2021-02-24 18:09:07,296 [Server thread] ERROR GottschCore | LootTableMaster2.java:252 | is file system (config) loot table current -> true
2021-02-24 18:09:07,297 [Server thread] ERROR GottschCore | LootTableMaster2.java:252 | is file system (config) loot table current -> true
2021-02-24 18:09:07,297 [Server thread] ERROR GottschCore | LootTableMaster2.java:252 | is file system (config) loot table current -> true
2021-02-24 18:09:07,298 [Server thread] ERROR GottschCore | LootTableMaster2.java:252 | is file system (config) loot table current -> true
2021-02-24 18:09:07,298 [Server thread] ERROR GottschCore | LootTableMaster2.java:252 | is file system (config) loot table current -> true
2021-02-24 18:09:07,298 [Server thread] ERROR GottschCore | LootTableMaster2.java:252 | is file system (config) loot table current -> true
2021-02-24 18:09:07,301 [Server thread] ERROR GottschCore | LootTableMaster2.java:252 | is file system (config) loot table current -> true
2021-02-24 18:09:07,302 [Server thread] ERROR GottschCore | LootTableMaster2.java:252 | is file system (config) loot table current -> true
2021-02-24 18:09:07,302 [Server thread] ERROR GottschCore | LootTableMaster2.java:252 | is file system (config) loot table current -> true
2021-02-24 18:09:07,303 [Server thread] ERROR GottschCore | LootTableMaster2.java:252 | is file system (config) loot table current -> true
2021-02-24 18:09:07,303 [Server thread] ERROR GottschCore | LootTableMaster2.java:252 | is file system (config) loot table current -> true
2021-02-24 18:09:07,303 [Server thread] ERROR GottschCore | LootTableMaster2.java:252 | is file system (config) loot table current -> true
2021-02-24 18:09:07,304 [Server thread] ERROR GottschCore | LootTableMaster2.java:252 | is file system (config) loot table current -> true
2021-02-24 18:09:07,304 [Server thread] ERROR GottschCore | LootTableMaster2.java:252 | is file system (config) loot table current -> true
2021-02-24 18:09:07,305 [Server thread] ERROR GottschCore | LootTableMaster2.java:252 | is file system (config) loot table current -> true
2021-02-24 18:09:07,308 [Server thread] ERROR GottschCore | LootTableMaster2.java:252 | is file system (config) loot table current -> true
2021-02-24 18:09:07,308 [Server thread] ERROR GottschCore | LootTableMaster2.java:252 | is file system (config) loot table current -> true
2021-02-24 18:09:07,308 [Server thread] ERROR GottschCore | LootTableMaster2.java:252 | is file system (config) loot table current -> true
2021-02-24 18:09:07,309 [Server thread] ERROR GottschCore | LootTableMaster2.java:252 | is file system (config) loot table current -> true
2021-02-24 18:09:07,309 [Server thread] ERROR GottschCore | LootTableMaster2.java:252 | is file system (config) loot table current -> true
2021-02-24 18:09:07,312 [Server thread] ERROR GottschCore | LootTableMaster2.java:252 | is file system (config) loot table current -> true
2021-02-24 18:09:07,312 [Server thread] ERROR GottschCore | LootTableMaster2.java:252 | is file system (config) loot table current -> true
2021-02-24 18:09:07,313 [Server thread] ERROR GottschCore | LootTableMaster2.java:252 | is file system (config) loot table current -> true
2021-02-24 18:09:07,313 [Server thread] ERROR GottschCore | LootTableMaster2.java:252 | is file system (config) loot table current -> true
2021-02-24 18:09:07,313 [Server thread] ERROR GottschCore | LootTableMaster2.java:252 | is file system (config) loot table current -> true
2021-02-24 18:09:07,316 [Server thread] ERROR GottschCore | LootTableMaster2.java:252 | is file system (config) loot table current -> true
2021-02-24 18:09:07,317 [Server thread] ERROR GottschCore | LootTableMaster2.java:252 | is file system (config) loot table current -> true
2021-02-24 18:09:07,317 [Server thread] ERROR GottschCore | LootTableMaster2.java:252 | is file system (config) loot table current -> true
2021-02-24 18:09:07,317 [Server thread] ERROR GottschCore | LootTableMaster2.java:252 | is file system (config) loot table current -> true
2021-02-24 18:09:07,318 [Server thread] ERROR GottschCore | LootTableMaster2.java:252 | is file system (config) loot table current -> true
2021-02-24 18:09:07,321 [Server thread] ERROR GottschCore | LootTableMaster2.java:252 | is file system (config) loot table current -> true
2021-02-24 18:09:07,321 [Server thread] ERROR GottschCore | LootTableMaster2.java:252 | is file system (config) loot table current -> true
2021-02-24 18:09:07,321 [Server thread] ERROR GottschCore | LootTableMaster2.java:252 | is file system (config) loot table current -> true
2021-02-24 18:09:07,322 [Server thread] ERROR GottschCore | LootTableMaster2.java:252 | is file system (config) loot table current -> true
2021-02-24 18:09:07,322 [Server thread] ERROR GottschCore | LootTableMaster2.java:252 | is file system (config) loot table current -> true
2021-02-24 18:09:07,325 [Server thread] ERROR GottschCore | LootTableMaster2.java:252 | is file system (config) loot table current -> true
2021-02-24 18:09:07,325 [Server thread] ERROR GottschCore | LootTableMaster2.java:252 | is file system (config) loot table current -> true
2021-02-24 18:09:07,326 [Server thread] ERROR GottschCore | LootTableMaster2.java:252 | is file system (config) loot table current -> true
2021-02-24 18:09:07,326 [Server thread] ERROR GottschCore | LootTableMaster2.java:252 | is file system (config) loot table current -> true
2021-02-24 18:09:07,326 [Server thread] ERROR GottschCore | LootTableMaster2.java:252 | is file system (config) loot table current -> true
2021-02-24 18:09:07,329 [Server thread] ERROR GottschCore | LootTableMaster2.java:252 | is file system (config) loot table current -> true
2021-02-24 18:09:07,330 [Server thread] ERROR GottschCore | LootTableMaster2.java:432 | Unable to locate resource /loot_tables/treasure2/inject/uncommon/
2021-02-24 18:09:07,331 [Server thread] ERROR GottschCore | LootTableMaster2.java:432 | Unable to locate resource /loot_tables/treasure2/inject/scarce/
2021-02-24 18:09:07,331 [Server thread] ERROR GottschCore | LootTableMaster2.java:432 | Unable to locate resource /loot_tables/treasure2/inject/rare/
2021-02-24 18:09:07,332 [Server thread] ERROR GottschCore | LootTableMaster2.java:432 | Unable to locate resource /loot_tables/treasure2/inject/epic/
2021-02-24 18:58:06,256 [Server thread] WARN Dungeons2 | LevelBuilder.java:1846 | Wayline's points are equal !!: Wayline [point1=Waypoint [id=2, coords=Coords [x=30, y=0, z=585], terminated=false], point2=Waypoint [id=5, coords=Coords [x=30, y=0, z=585], terminated=true], alignment=HORIZONTAL]
2021-02-24 18:58:06,267 [Server thread] WARN Dungeons2 | LevelBuilder.java:1846 | Wayline's points are equal !!: Wayline [point1=Waypoint [id=3, coords=Coords [x=24, y=0, z=581], terminated=false], point2=Waypoint [id=5, coords=Coords [x=24, y=0, z=581], terminated=true], alignment=HORIZONTAL]
2021-02-24 18:58:06,605 [Server thread] WARN Dungeons2 | RotatorRegistry.java:68 | The class has already been registered.
2021-02-24 18:58:07,151 [Server thread] ERROR GottschCore | LootTableManager.java:159 | Couldn't load loot table dungeons2:loot_tables/dungeons2/items/rare from C:\Users\calum\Documents\curseforge\minecraft\Instances\MC Eternal Staging\config\dungeons2\dungeons2\loot_tables\dungeons2\items\rare.json
com.google.gson.JsonSyntaxException: Unknown function 'wizardry:random_spell'
	at com.someguyssoftware.gottschcore.loot.functions.LootFunctionManager$Serializer.deserialize(LootFunctionManager.java:87) ~[LootFunctionManager$Serializer.class:mc1.12.2-f14.23.5.2854-v1.14.0]
	at com.someguyssoftware.gottschcore.loot.functions.LootFunctionManager$Serializer.deserialize(LootFunctionManager.java:78) ~[LootFunctionManager$Serializer.class:mc1.12.2-f14.23.5.2854-v1.14.0]
	at com.google.gson.internal.bind.TreeTypeAdapter.read(TreeTypeAdapter.java:69) ~[TreeTypeAdapter.class:?]
	at com.google.gson.internal.bind.TypeAdapterRuntimeTypeWrapper.read(TypeAdapterRuntimeTypeWrapper.java:41) ~[TypeAdapterRuntimeTypeWrapper.class:?]
	at com.google.gson.internal.bind.ArrayTypeAdapter.read(ArrayTypeAdapter.java:72) ~[ArrayTypeAdapter.class:?]
	at com.google.gson.Gson.fromJson(Gson.java:887) ~[Gson.class:?]
	at com.google.gson.Gson.fromJson(Gson.java:952) ~[Gson.class:?]
	at com.google.gson.internal.bind.TreeTypeAdapter$GsonContextImpl.deserialize(TreeTypeAdapter.java:162) ~[TreeTypeAdapter$GsonContextImpl.class:?]
	at net.minecraft.util.JsonUtils.func_188179_a(SourceFile:439) ~[rc.class:?]
	at net.minecraft.util.JsonUtils.func_188174_a(SourceFile:447) ~[rc.class:?]
	at com.someguyssoftware.gottschcore.loot.LootEntryItem.deserialize(LootEntryItem.java:118) ~[LootEntryItem.class:mc1.12.2-f14.23.5.2854-v1.14.0]
	at com.someguyssoftware.gottschcore.loot.LootEntry$Serializer.deserialize(LootEntry.java:94) ~[LootEntry$Serializer.class:mc1.12.2-f14.23.5.2854-v1.14.0]
	at com.someguyssoftware.gottschcore.loot.LootEntry$Serializer.deserialize(LootEntry.java:73) ~[LootEntry$Serializer.class:mc1.12.2-f14.23.5.2854-v1.14.0]
	at com.google.gson.internal.bind.TreeTypeAdapter.read(TreeTypeAdapter.java:69) ~[TreeTypeAdapter.class:?]
	at com.google.gson.internal.bind.TypeAdapterRuntimeTypeWrapper.read(TypeAdapterRuntimeTypeWrapper.java:41) ~[TypeAdapterRuntimeTypeWrapper.class:?]
	at com.google.gson.internal.bind.ArrayTypeAdapter.read(ArrayTypeAdapter.java:72) ~[ArrayTypeAdapter.class:?]
	at com.google.gson.Gson.fromJson(Gson.java:887) ~[Gson.class:?]
	at com.google.gson.Gson.fromJson(Gson.java:952) ~[Gson.class:?]
	at com.google.gson.internal.bind.TreeTypeAdapter$GsonContextImpl.deserialize(TreeTypeAdapter.java:162) ~[TreeTypeAdapter$GsonContextImpl.class:?]
	at net.minecraft.util.JsonUtils.func_188179_a(SourceFile:439) ~[rc.class:?]
	at net.minecraft.util.JsonUtils.func_188174_a(SourceFile:447) ~[rc.class:?]
	at com.someguyssoftware.gottschcore.loot.LootPool$Serializer.deserialize(LootPool.java:170) ~[LootPool$Serializer.class:mc1.12.2-f14.23.5.2854-v1.14.0]
	at com.someguyssoftware.gottschcore.loot.LootPool$Serializer.deserialize(LootPool.java:166) ~[LootPool$Serializer.class:mc1.12.2-f14.23.5.2854-v1.14.0]
	at com.google.gson.internal.bind.TreeTypeAdapter.read(TreeTypeAdapter.java:69) ~[TreeTypeAdapter.class:?]
	at com.google.gson.internal.bind.TypeAdapterRuntimeTypeWrapper.read(TypeAdapterRuntimeTypeWrapper.java:41) ~[TypeAdapterRuntimeTypeWrapper.class:?]
	at com.google.gson.internal.bind.ArrayTypeAdapter.read(ArrayTypeAdapter.java:72) ~[ArrayTypeAdapter.class:?]
	at com.google.gson.Gson.fromJson(Gson.java:887) ~[Gson.class:?]
	at com.google.gson.Gson.fromJson(Gson.java:952) ~[Gson.class:?]
	at com.google.gson.internal.bind.TreeTypeAdapter$GsonContextImpl.deserialize(TreeTypeAdapter.java:162) ~[TreeTypeAdapter$GsonContextImpl.class:?]
	at net.minecraft.util.JsonUtils.func_188179_a(SourceFile:439) ~[rc.class:?]
	at net.minecraft.util.JsonUtils.func_188177_a(SourceFile:455) ~[rc.class:?]
	at com.someguyssoftware.gottschcore.loot.LootTable$Serializer.deserialize(LootTable.java:211) ~[LootTable$Serializer.class:mc1.12.2-f14.23.5.2854-v1.14.0]
	at com.someguyssoftware.gottschcore.loot.LootTable$Serializer.deserialize(LootTable.java:200) ~[LootTable$Serializer.class:mc1.12.2-f14.23.5.2854-v1.14.0]
	at com.google.gson.internal.bind.TreeTypeAdapter.read(TreeTypeAdapter.java:69) ~[TreeTypeAdapter.class:?]
	at com.google.gson.Gson.fromJson(Gson.java:887) ~[Gson.class:?]
	at com.google.gson.Gson.fromJson(Gson.java:852) ~[Gson.class:?]
	at com.google.gson.Gson.fromJson(Gson.java:801) ~[Gson.class:?]
	at com.google.gson.Gson.fromJson(Gson.java:773) ~[Gson.class:?]
	at com.someguyssoftware.gottschcore.loot.LootTableManager.loadLootTable(LootTableManager.java:211) ~[LootTableManager.class:mc1.12.2-f14.23.5.2854-v1.14.0]
	at com.someguyssoftware.gottschcore.loot.LootTableManager$Loader.loadLootTable(LootTableManager.java:156) [LootTableManager$Loader.class:mc1.12.2-f14.23.5.2854-v1.14.0]
	at com.someguyssoftware.gottschcore.loot.LootTableManager$Loader.load(LootTableManager.java:115) [LootTableManager$Loader.class:mc1.12.2-f14.23.5.2854-v1.14.0]
	at com.someguyssoftware.gottschcore.loot.LootTableManager$Loader.load(LootTableManager.java:104) [LootTableManager$Loader.class:mc1.12.2-f14.23.5.2854-v1.14.0]
	at com.google.common.cache.LocalCache$LoadingValueReference.loadFuture(LocalCache.java:3716) [guava-21.0.jar:?]
	at com.google.common.cache.LocalCache$Segment.loadSync(LocalCache.java:2424) [guava-21.0.jar:?]
	at com.google.common.cache.LocalCache$Segment.lockedGetOrLoad(LocalCache.java:2298) [guava-21.0.jar:?]
	at com.google.common.cache.LocalCache$Segment.get(LocalCache.java:2211) [guava-21.0.jar:?]
	at com.google.common.cache.LocalCache.get(LocalCache.java:4154) [guava-21.0.jar:?]
	at com.google.common.cache.LocalCache.getOrLoad(LocalCache.java:4158) [guava-21.0.jar:?]
	at com.google.common.cache.LocalCache$LocalLoadingCache.get(LocalCache.java:5147) [guava-21.0.jar:?]
	at com.google.common.cache.LocalCache$LocalLoadingCache.getUnchecked(LocalCache.java:5153) [guava-21.0.jar:?]
	at com.someguyssoftware.gottschcore.loot.LootTableManager.getLootTableFromLocation(LootTableManager.java:91) [LootTableManager.class:mc1.12.2-f14.23.5.2854-v1.14.0]
	at com.someguyssoftware.gottschcore.loot.LootEntryTable.addLoot(LootEntryTable.java:45) [LootEntryTable.class:mc1.12.2-f14.23.5.2854-v1.14.0]
	at com.someguyssoftware.gottschcore.loot.LootPool.createLootRoll(LootPool.java:77) [LootPool.class:mc1.12.2-f14.23.5.2854-v1.14.0]
	at com.someguyssoftware.gottschcore.loot.LootPool.generateLoot(LootPool.java:92) [LootPool.class:mc1.12.2-f14.23.5.2854-v1.14.0]
	at com.someguyssoftware.gottschcore.loot.LootTable.generateLootFromPools(LootTable.java:49) [LootTable.class:mc1.12.2-f14.23.5.2854-v1.14.0]
	at com.someguyssoftware.gottschcore.loot.LootTable.fillInventory(LootTable.java:67) [LootTable.class:mc1.12.2-f14.23.5.2854-v1.14.0]
	at com.someguyssoftware.dungeonsengine.chest.BossLootLoader.fill(BossLootLoader.java:74) [BossLootLoader.class:?]
	at com.someguyssoftware.dungeons2.style.BossRoomDecorator.addChest(BossRoomDecorator.java:204) [BossRoomDecorator.class:?]
	at com.someguyssoftware.dungeons2.style.BossRoomDecorator.decorate(BossRoomDecorator.java:141) [BossRoomDecorator.class:?]
	at com.someguyssoftware.dungeons2.generator.DungeonGenerator.generate(DungeonGenerator.java:172) [DungeonGenerator.class:?]
	at com.someguyssoftware.dungeons2.worldgen.DungeonsWorldGen.generate(DungeonsWorldGen.java:328) [DungeonsWorldGen.class:?]
	at net.minecraftforge.fml.common.registry.GameRegistry.generateWorld(GameRegistry.java:167) [GameRegistry.class:?]
	at net.minecraft.world.chunk.Chunk.func_186034_a(Chunk.java:1020) [axw.class:?]
	at net.minecraft.world.chunk.Chunk.func_186030_a(Chunk.java:985) [axw.class:?]
	at net.minecraft.world.gen.ChunkProviderServer.func_186025_d(ChunkProviderServer.java:157) [on.class:?]
	at net.minecraft.world.World.func_72964_e(World.java:310) [amu.class:?]
	at net.minecraft.world.World.func_175726_f(World.java:305) [amu.class:?]
	at net.minecraft.world.World.func_180501_a(World.java:330) [amu.class:?]
	at net.minecraft.world.World.func_175656_a(World.java:425) [amu.class:?]
	at com.github.alexthe666.iceandfire.world.gen.WorldGenIceDragonCave.createShell(WorldGenIceDragonCave.java:140) [WorldGenIceDragonCave.class:?]
	at com.github.alexthe666.iceandfire.world.gen.WorldGenIceDragonCave.func_180709_b(WorldGenIceDragonCave.java:59) [WorldGenIceDragonCave.class:?]
	at com.github.alexthe666.iceandfire.event.WorldGenEvents.generate(WorldGenEvents.java:238) [WorldGenEvents.class:?]
	at net.minecraftforge.fml.common.registry.GameRegistry.generateWorld(GameRegistry.java:167) [GameRegistry.class:?]
	at net.minecraft.world.chunk.Chunk.func_186034_a(Chunk.java:1020) [axw.class:?]
	at net.minecraft.world.chunk.Chunk.func_186030_a(Chunk.java:985) [axw.class:?]
	at net.minecraft.world.gen.ChunkProviderServer.func_186025_d(ChunkProviderServer.java:157) [on.class:?]
	at net.minecraft.server.management.PlayerChunkMapEntry.func_187268_a(PlayerChunkMapEntry.java:126) [ot.class:?]
	at net.minecraft.server.management.PlayerChunkMap.func_72693_b(SourceFile:147) [ou.class:?]
	at net.minecraft.world.WorldServer.func_72835_b(WorldServer.java:227) [oo.class:?]
	at net.minecraft.server.MinecraftServer.func_71190_q(MinecraftServer.java:756) [MinecraftServer.class:?]
	at net.minecraft.server.MinecraftServer.func_71217_p(MinecraftServer.java:668) [MinecraftServer.class:?]
	at net.minecraft.server.integrated.IntegratedServer.func_71217_p(IntegratedServer.java:185) [chd.class:?]
	at net.minecraft.server.MinecraftServer.run(MinecraftServer.java:526) [MinecraftServer.class:?]
	at java.lang.Thread.run(Thread.java:745) [?:1.8.0_51]
2021-02-24 18:58:07,215 [Server thread] INFO Dungeons2 | DungeonsWorldGen.java:344 | Dungeon generated @ -858 65 576
2021-02-24 19:50:19,107 [Client thread] ERROR GottschCore | LootTableMaster.java:208 | is file system loot table current -> true
2021-02-24 19:50:19,111 [Client thread] ERROR GottschCore | LootTableMaster.java:208 | is file system loot table current -> true
2021-02-24 19:50:19,115 [Client thread] ERROR GottschCore | LootTableMaster.java:208 | is file system loot table current -> true
2021-02-24 19:50:19,118 [Client thread] ERROR GottschCore | LootTableMaster.java:208 | is file system loot table current -> true
2021-02-24 19:50:19,122 [Client thread] ERROR GottschCore | LootTableMaster.java:208 | is file system loot table current -> true
2021-02-24 19:50:19,160 [Client thread] ERROR GottschCore | LootTableMaster.java:208 | is file system loot table current -> true
2021-02-24 19:50:19,160 [Client thread] ERROR GottschCore | LootTableMaster.java:208 | is file system loot table current -> true
2021-02-24 19:50:19,161 [Client thread] ERROR GottschCore | LootTableMaster.java:208 | is file system loot table current -> true
2021-02-24 19:50:19,162 [Client thread] ERROR GottschCore | LootTableMaster.java:208 | is file system loot table current -> true
2021-02-24 19:50:19,163 [Client thread] ERROR GottschCore | LootTableMaster.java:208 | is file system loot table current -> true
2021-02-24 19:50:19,167 [Client thread] ERROR GottschCore | LootTableMaster.java:208 | is file system loot table current -> true
2021-02-24 19:50:19,167 [Client thread] ERROR GottschCore | LootTableMaster.java:208 | is file system loot table current -> true
2021-02-24 19:50:19,168 [Client thread] ERROR GottschCore | LootTableMaster.java:208 | is file system loot table current -> true
2021-02-24 19:50:19,168 [Client thread] ERROR GottschCore | LootTableMaster.java:208 | is file system loot table current -> true
2021-02-24 19:50:19,197 [Client thread] ERROR GottschCore | LootTableMaster.java:208 | is file system loot table current -> true
2021-02-24 19:50:19,201 [Client thread] ERROR GottschCore | LootTableMaster.java:208 | is file system loot table current -> true
2021-02-24 19:50:19,202 [Client thread] ERROR GottschCore | LootTableMaster.java:208 | is file system loot table current -> true
2021-02-24 19:50:19,204 [Client thread] ERROR GottschCore | LootTableManager.java:159 | Couldn't load loot table dungeons2:/loot_tables/dungeons2/items/rare from C:\Users\calum\Documents\curseforge\minecraft\Instances\MC Eternal Staging\config\dungeons2\dungeons2\loot_tables\dungeons2\items\rare.json
com.google.gson.JsonSyntaxException: Unknown function 'wizardry:random_spell'
	at com.someguyssoftware.gottschcore.loot.functions.LootFunctionManager$Serializer.deserialize(LootFunctionManager.java:87) ~[LootFunctionManager$Serializer.class:mc1.12.2-f14.23.5.2854-v1.14.0]
	at com.someguyssoftware.gottschcore.loot.functions.LootFunctionManager$Serializer.deserialize(LootFunctionManager.java:78) ~[LootFunctionManager$Serializer.class:mc1.12.2-f14.23.5.2854-v1.14.0]
	at com.google.gson.internal.bind.TreeTypeAdapter.read(TreeTypeAdapter.java:69) ~[TreeTypeAdapter.class:?]
	at com.google.gson.internal.bind.TypeAdapterRuntimeTypeWrapper.read(TypeAdapterRuntimeTypeWrapper.java:41) ~[TypeAdapterRuntimeTypeWrapper.class:?]
	at com.google.gson.internal.bind.ArrayTypeAdapter.read(ArrayTypeAdapter.java:72) ~[ArrayTypeAdapter.class:?]
	at com.google.gson.Gson.fromJson(Gson.java:887) ~[Gson.class:?]
	at com.google.gson.Gson.fromJson(Gson.java:952) ~[Gson.class:?]
	at com.google.gson.internal.bind.TreeTypeAdapter$GsonContextImpl.deserialize(TreeTypeAdapter.java:162) ~[TreeTypeAdapter$GsonContextImpl.class:?]
	at net.minecraft.util.JsonUtils.func_188179_a(SourceFile:439) ~[rc.class:?]
	at net.minecraft.util.JsonUtils.func_188174_a(SourceFile:447) ~[rc.class:?]
	at com.someguyssoftware.gottschcore.loot.LootEntryItem.deserialize(LootEntryItem.java:118) ~[LootEntryItem.class:mc1.12.2-f14.23.5.2854-v1.14.0]
	at com.someguyssoftware.gottschcore.loot.LootEntry$Serializer.deserialize(LootEntry.java:94) ~[LootEntry$Serializer.class:mc1.12.2-f14.23.5.2854-v1.14.0]
	at com.someguyssoftware.gottschcore.loot.LootEntry$Serializer.deserialize(LootEntry.java:73) ~[LootEntry$Serializer.class:mc1.12.2-f14.23.5.2854-v1.14.0]
	at com.google.gson.internal.bind.TreeTypeAdapter.read(TreeTypeAdapter.java:69) ~[TreeTypeAdapter.class:?]
	at com.google.gson.internal.bind.TypeAdapterRuntimeTypeWrapper.read(TypeAdapterRuntimeTypeWrapper.java:41) ~[TypeAdapterRuntimeTypeWrapper.class:?]
	at com.google.gson.internal.bind.ArrayTypeAdapter.read(ArrayTypeAdapter.java:72) ~[ArrayTypeAdapter.class:?]
	at com.google.gson.Gson.fromJson(Gson.java:887) ~[Gson.class:?]
	at com.google.gson.Gson.fromJson(Gson.java:952) ~[Gson.class:?]
	at com.google.gson.internal.bind.TreeTypeAdapter$GsonContextImpl.deserialize(TreeTypeAdapter.java:162) ~[TreeTypeAdapter$GsonContextImpl.class:?]
	at net.minecraft.util.JsonUtils.func_188179_a(SourceFile:439) ~[rc.class:?]
	at net.minecraft.util.JsonUtils.func_188174_a(SourceFile:447) ~[rc.class:?]
	at com.someguyssoftware.gottschcore.loot.LootPool$Serializer.deserialize(LootPool.java:170) ~[LootPool$Serializer.class:mc1.12.2-f14.23.5.2854-v1.14.0]
	at com.someguyssoftware.gottschcore.loot.LootPool$Serializer.deserialize(LootPool.java:166) ~[LootPool$Serializer.class:mc1.12.2-f14.23.5.2854-v1.14.0]
	at com.google.gson.internal.bind.TreeTypeAdapter.read(TreeTypeAdapter.java:69) ~[TreeTypeAdapter.class:?]
	at com.google.gson.internal.bind.TypeAdapterRuntimeTypeWrapper.read(TypeAdapterRuntimeTypeWrapper.java:41) ~[TypeAdapterRuntimeTypeWrapper.class:?]
	at com.google.gson.internal.bind.ArrayTypeAdapter.read(ArrayTypeAdapter.java:72) ~[ArrayTypeAdapter.class:?]
	at com.google.gson.Gson.fromJson(Gson.java:887) ~[Gson.class:?]
	at com.google.gson.Gson.fromJson(Gson.java:952) ~[Gson.class:?]
	at com.google.gson.internal.bind.TreeTypeAdapter$GsonContextImpl.deserialize(TreeTypeAdapter.java:162) ~[TreeTypeAdapter$GsonContextImpl.class:?]
	at net.minecraft.util.JsonUtils.func_188179_a(SourceFile:439) ~[rc.class:?]
	at net.minecraft.util.JsonUtils.func_188177_a(SourceFile:455) ~[rc.class:?]
	at com.someguyssoftware.gottschcore.loot.LootTable$Serializer.deserialize(LootTable.java:211) ~[LootTable$Serializer.class:mc1.12.2-f14.23.5.2854-v1.14.0]
	at com.someguyssoftware.gottschcore.loot.LootTable$Serializer.deserialize(LootTable.java:200) ~[LootTable$Serializer.class:mc1.12.2-f14.23.5.2854-v1.14.0]
	at com.google.gson.internal.bind.TreeTypeAdapter.read(TreeTypeAdapter.java:69) ~[TreeTypeAdapter.class:?]
	at com.google.gson.Gson.fromJson(Gson.java:887) ~[Gson.class:?]
	at com.google.gson.Gson.fromJson(Gson.java:852) ~[Gson.class:?]
	at com.google.gson.Gson.fromJson(Gson.java:801) ~[Gson.class:?]
	at com.google.gson.Gson.fromJson(Gson.java:773) ~[Gson.class:?]
	at com.someguyssoftware.gottschcore.loot.LootTableManager.loadLootTable(LootTableManager.java:211) ~[LootTableManager.class:mc1.12.2-f14.23.5.2854-v1.14.0]
	at com.someguyssoftware.gottschcore.loot.LootTableManager$Loader.loadLootTable(LootTableManager.java:156) [LootTableManager$Loader.class:mc1.12.2-f14.23.5.2854-v1.14.0]
	at com.someguyssoftware.gottschcore.loot.LootTableManager$Loader.load(LootTableManager.java:115) [LootTableManager$Loader.class:mc1.12.2-f14.23.5.2854-v1.14.0]
	at com.someguyssoftware.gottschcore.loot.LootTableManager$Loader.load(LootTableManager.java:104) [LootTableManager$Loader.class:mc1.12.2-f14.23.5.2854-v1.14.0]
	at com.google.common.cache.LocalCache$LoadingValueReference.loadFuture(LocalCache.java:3716) [guava-21.0.jar:?]
	at com.google.common.cache.LocalCache$Segment.loadSync(LocalCache.java:2424) [guava-21.0.jar:?]
	at com.google.common.cache.LocalCache$Segment.lockedGetOrLoad(LocalCache.java:2298) [guava-21.0.jar:?]
	at com.google.common.cache.LocalCache$Segment.get(LocalCache.java:2211) [guava-21.0.jar:?]
	at com.google.common.cache.LocalCache.get(LocalCache.java:4154) [guava-21.0.jar:?]
	at com.google.common.cache.LocalCache.getOrLoad(LocalCache.java:4158) [guava-21.0.jar:?]
	at com.google.common.cache.LocalCache$LocalLoadingCache.get(LocalCache.java:5147) [guava-21.0.jar:?]
	at com.google.common.cache.LocalCache$LocalLoadingCache.getUnchecked(LocalCache.java:5153) [guava-21.0.jar:?]
	at com.someguyssoftware.gottschcore.loot.LootTableManager.getLootTableFromLocation(LootTableManager.java:91) [LootTableManager.class:mc1.12.2-f14.23.5.2854-v1.14.0]
	at com.someguyssoftware.gottschcore.loot.LootTableMaster.fileSystemHasCurrentVersion(LootTableMaster.java:260) [LootTableMaster.class:mc1.12.2-f14.23.5.2854-v1.14.0]
	at com.someguyssoftware.gottschcore.loot.LootTableMaster.exposeLootTable(LootTableMaster.java:201) [LootTableMaster.class:mc1.12.2-f14.23.5.2854-v1.14.0]
	at com.someguyssoftware.gottschcore.loot.LootTableMaster.buildAndExpose(LootTableMaster.java:80) [LootTableMaster.class:mc1.12.2-f14.23.5.2854-v1.14.0]
	at com.someguyssoftware.dungeons2.loot.DungeonLootTableMaster.<init>(DungeonLootTableMaster.java:74) [DungeonLootTableMaster.class:?]
	at com.someguyssoftware.dungeons2.Dungeons2.init(Dungeons2.java:180) [Dungeons2.class:?]
	at sun.reflect.NativeMethodAccessorImpl.invoke0(Native Method) ~[?:1.8.0_51]
	at sun.reflect.NativeMethodAccessorImpl.invoke(NativeMethodAccessorImpl.java:62) ~[?:1.8.0_51]
	at sun.reflect.DelegatingMethodAccessorImpl.invoke(DelegatingMethodAccessorImpl.java:43) ~[?:1.8.0_51]
	at java.lang.reflect.Method.invoke(Method.java:497) ~[?:1.8.0_51]
	at net.minecraftforge.fml.common.FMLModContainer.handleModStateEvent(FMLModContainer.java:637) [FMLModContainer.class:?]
	at sun.reflect.GeneratedMethodAccessor5.invoke(Unknown Source) ~[?:?]
	at sun.reflect.DelegatingMethodAccessorImpl.invoke(DelegatingMethodAccessorImpl.java:43) ~[?:1.8.0_51]
	at java.lang.reflect.Method.invoke(Method.java:497) ~[?:1.8.0_51]
	at com.google.common.eventbus.Subscriber.invokeSubscriberMethod(Subscriber.java:91) [guava-21.0.jar:?]
	at com.google.common.eventbus.Subscriber$SynchronizedSubscriber.invokeSubscriberMethod(Subscriber.java:150) [guava-21.0.jar:?]
	at com.google.common.eventbus.Subscriber$1.run(Subscriber.java:76) [guava-21.0.jar:?]
	at com.google.common.util.concurrent.MoreExecutors$DirectExecutor.execute(MoreExecutors.java:399) [guava-21.0.jar:?]
	at com.google.common.eventbus.Subscriber.dispatchEvent(Subscriber.java:71) [guava-21.0.jar:?]
	at com.google.common.eventbus.Dispatcher$PerThreadQueuedDispatcher.dispatch(Dispatcher.java:116) [guava-21.0.jar:?]
	at com.google.common.eventbus.EventBus.post(EventBus.java:217) [guava-21.0.jar:?]
	at net.minecraftforge.fml.common.LoadController.sendEventToModContainer(LoadController.java:219) [LoadController.class:?]
	at net.minecraftforge.fml.common.LoadController.propogateStateMessage(LoadController.java:197) [LoadController.class:?]
	at sun.reflect.NativeMethodAccessorImpl.invoke0(Native Method) ~[?:1.8.0_51]
	at sun.reflect.NativeMethodAccessorImpl.invoke(NativeMethodAccessorImpl.java:62) ~[?:1.8.0_51]
	at sun.reflect.DelegatingMethodAccessorImpl.invoke(DelegatingMethodAccessorImpl.java:43) ~[?:1.8.0_51]
	at java.lang.reflect.Method.invoke(Method.java:497) ~[?:1.8.0_51]
	at com.google.common.eventbus.Subscriber.invokeSubscriberMethod(Subscriber.java:91) [guava-21.0.jar:?]
	at com.google.common.eventbus.Subscriber$SynchronizedSubscriber.invokeSubscriberMethod(Subscriber.java:150) [guava-21.0.jar:?]
	at com.google.common.eventbus.Subscriber$1.run(Subscriber.java:76) [guava-21.0.jar:?]
	at com.google.common.util.concurrent.MoreExecutors$DirectExecutor.execute(MoreExecutors.java:399) [guava-21.0.jar:?]
	at com.google.common.eventbus.Subscriber.dispatchEvent(Subscriber.java:71) [guava-21.0.jar:?]
	at com.google.common.eventbus.Dispatcher$PerThreadQueuedDispatcher.dispatch(Dispatcher.java:116) [guava-21.0.jar:?]
	at com.google.common.eventbus.EventBus.post(EventBus.java:217) [guava-21.0.jar:?]
	at net.minecraftforge.fml.common.LoadController.distributeStateMessage(LoadController.java:136) [LoadController.class:?]
	at net.minecraftforge.fml.common.Loader.initializeMods(Loader.java:749) [Loader.class:?]
	at net.minecraftforge.fml.client.FMLClientHandler.finishMinecraftLoading(FMLClientHandler.java:336) [FMLClientHandler.class:?]
	at net.minecraft.client.Minecraft.func_71384_a(Minecraft.java:535) [bib.class:?]
	at net.minecraft.client.Minecraft.func_99999_d(Minecraft.java:4431) [bib.class:?]
	at net.minecraft.client.main.Main.main(SourceFile:123) [Main.class:?]
	at sun.reflect.NativeMethodAccessorImpl.invoke0(Native Method) ~[?:1.8.0_51]
	at sun.reflect.NativeMethodAccessorImpl.invoke(NativeMethodAccessorImpl.java:62) ~[?:1.8.0_51]
	at sun.reflect.DelegatingMethodAccessorImpl.invoke(DelegatingMethodAccessorImpl.java:43) ~[?:1.8.0_51]
	at java.lang.reflect.Method.invoke(Method.java:497) ~[?:1.8.0_51]
	at net.minecraft.launchwrapper.Launch.launch(Launch.java:135) [launchwrapper-1.12.jar:?]
	at net.minecraft.launchwrapper.Launch.main(Launch.java:28) [launchwrapper-1.12.jar:?]
2021-02-24 19:50:19,206 [Client thread] ERROR GottschCore | LootTableMaster.java:208 | is file system loot table current -> true
2021-02-24 19:50:19,206 [Client thread] ERROR GottschCore | LootTableMaster.java:208 | is file system loot table current -> true
2021-02-24 19:50:19,207 [Client thread] ERROR GottschCore | LootTableMaster.java:208 | is file system loot table current -> true
2021-02-24 19:50:19,211 [Client thread] ERROR GottschCore | LootTableMaster.java:208 | is file system loot table current -> true
2021-02-24 19:50:19,212 [Client thread] ERROR GottschCore | LootTableMaster.java:208 | is file system loot table current -> true
2021-02-24 19:50:19,212 [Client thread] ERROR GottschCore | LootTableMaster.java:208 | is file system loot table current -> true
2021-02-24 19:50:19,213 [Client thread] ERROR GottschCore | LootTableMaster.java:208 | is file system loot table current -> true
2021-02-24 19:50:19,214 [Client thread] ERROR GottschCore | LootTableMaster.java:208 | is file system loot table current -> true
2021-02-24 19:50:19,216 [Client thread] ERROR GottschCore | LootTableMaster.java:208 | is file system loot table current -> true
2021-02-24 19:50:19,216 [Client thread] ERROR GottschCore | LootTableMaster.java:208 | is file system loot table current -> true
2021-02-24 19:50:19,217 [Client thread] ERROR GottschCore | LootTableMaster.java:208 | is file system loot table current -> true
2021-02-24 19:50:19,218 [Client thread] ERROR GottschCore | LootTableMaster.java:208 | is file system loot table current -> true
2021-02-24 19:50:19,219 [Client thread] ERROR GottschCore | LootTableMaster.java:208 | is file system loot table current -> true
2021-02-24 19:50:30,510 [Client thread] ERROR GottschCore | LootTableMaster2.java:252 | is file system (config) loot table current -> true
2021-02-24 19:50:30,511 [Client thread] ERROR GottschCore | LootTableMaster2.java:252 | is file system (config) loot table current -> true
2021-02-24 19:50:30,511 [Client thread] ERROR GottschCore | LootTableMaster2.java:252 | is file system (config) loot table current -> true
2021-02-24 19:50:30,515 [Client thread] ERROR GottschCore | LootTableMaster2.java:252 | is file system (config) loot table current -> true
2021-02-24 19:50:30,515 [Client thread] ERROR GottschCore | LootTableMaster2.java:252 | is file system (config) loot table current -> true
2021-02-24 19:50:30,516 [Client thread] ERROR GottschCore | LootTableMaster2.java:252 | is file system (config) loot table current -> true
2021-02-24 19:50:30,519 [Client thread] ERROR GottschCore | LootTableMaster2.java:252 | is file system (config) loot table current -> true
2021-02-24 19:50:30,520 [Client thread] ERROR GottschCore | LootTableMaster2.java:252 | is file system (config) loot table current -> true
2021-02-24 19:50:30,521 [Client thread] ERROR GottschCore | LootTableMaster2.java:252 | is file system (config) loot table current -> true
2021-02-24 19:50:30,524 [Client thread] ERROR GottschCore | LootTableMaster2.java:252 | is file system (config) loot table current -> true
2021-02-24 19:50:30,524 [Client thread] ERROR GottschCore | LootTableMaster2.java:252 | is file system (config) loot table current -> true
2021-02-24 19:50:30,525 [Client thread] ERROR GottschCore | LootTableMaster2.java:252 | is file system (config) loot table current -> true
2021-02-24 19:50:30,528 [Client thread] ERROR GottschCore | LootTableMaster2.java:252 | is file system (config) loot table current -> true
2021-02-24 19:50:30,532 [Client thread] ERROR GottschCore | LootTableMaster2.java:252 | is file system (config) loot table current -> true
2021-02-24 19:50:30,532 [Client thread] ERROR GottschCore | LootTableMaster2.java:252 | is file system (config) loot table current -> true
2021-02-24 19:50:30,533 [Client thread] ERROR GottschCore | LootTableMaster2.java:252 | is file system (config) loot table current -> true
2021-02-24 19:50:30,533 [Client thread] ERROR GottschCore | LootTableMaster2.java:252 | is file system (config) loot table current -> true
2021-02-24 19:50:30,534 [Client thread] ERROR GottschCore | LootTableMaster2.java:252 | is file system (config) loot table current -> true
2021-02-24 19:50:30,534 [Client thread] ERROR GottschCore | LootTableMaster2.java:252 | is file system (config) loot table current -> true
2021-02-24 19:50:30,535 [Client thread] ERROR GottschCore | LootTableMaster2.java:252 | is file system (config) loot table current -> true
2021-02-24 19:50:30,538 [Client thread] ERROR GottschCore | LootTableMaster2.java:252 | is file system (config) loot table current -> true
2021-02-24 19:50:30,539 [Client thread] ERROR GottschCore | LootTableMaster2.java:252 | is file system (config) loot table current -> true
2021-02-24 19:50:30,539 [Client thread] ERROR GottschCore | LootTableMaster2.java:252 | is file system (config) loot table current -> true
2021-02-24 19:50:30,540 [Client thread] ERROR GottschCore | LootTableMaster2.java:252 | is file system (config) loot table current -> true
2021-02-24 19:50:30,540 [Client thread] ERROR GottschCore | LootTableMaster2.java:252 | is file system (config) loot table current -> true
2021-02-24 19:50:30,541 [Client thread] ERROR GottschCore | LootTableMaster2.java:252 | is file system (config) loot table current -> true
2021-02-24 19:50:30,541 [Client thread] ERROR GottschCore | LootTableMaster2.java:252 | is file system (config) loot table current -> true
2021-02-24 19:50:30,542 [Client thread] ERROR GottschCore | LootTableMaster2.java:252 | is file system (config) loot table current -> true
2021-02-24 19:50:30,542 [Client thread] ERROR GottschCore | LootTableMaster2.java:252 | is file system (config) loot table current -> true
2021-02-24 19:50:30,545 [Client thread] ERROR GottschCore | LootTableMaster2.java:252 | is file system (config) loot table current -> true
2021-02-24 19:50:30,546 [Client thread] ERROR GottschCore | LootTableMaster2.java:252 | is file system (config) loot table current -> true
2021-02-24 19:50:30,546 [Client thread] ERROR GottschCore | LootTableMaster2.java:252 | is file system (config) loot table current -> true
2021-02-24 19:50:30,547 [Client thread] ERROR GottschCore | LootTableMaster2.java:252 | is file system (config) loot table current -> true
2021-02-24 19:50:30,547 [Client thread] ERROR GottschCore | LootTableMaster2.java:252 | is file system (config) loot table current -> true
2021-02-24 19:50:30,550 [Client thread] ERROR GottschCore | LootTableMaster2.java:252 | is file system (config) loot table current -> true
2021-02-24 19:50:30,551 [Client thread] ERROR GottschCore | LootTableMaster2.java:252 | is file system (config) loot table current -> true
2021-02-24 19:50:30,551 [Client thread] ERROR GottschCore | LootTableMaster2.java:252 | is file system (config) loot table current -> true
2021-02-24 19:50:30,552 [Client thread] ERROR GottschCore | LootTableMaster2.java:252 | is file system (config) loot table current -> true
2021-02-24 19:50:30,552 [Client thread] ERROR GottschCore | LootTableMaster2.java:252 | is file system (config) loot table current -> true
2021-02-24 19:50:30,555 [Client thread] ERROR GottschCore | LootTableMaster2.java:252 | is file system (config) loot table current -> true
2021-02-24 19:50:30,556 [Client thread] ERROR GottschCore | LootTableMaster2.java:252 | is file system (config) loot table current -> true
2021-02-24 19:50:30,556 [Client thread] ERROR GottschCore | LootTableMaster2.java:252 | is file system (config) loot table current -> true
2021-02-24 19:50:30,557 [Client thread] ERROR GottschCore | LootTableMaster2.java:252 | is file system (config) loot table current -> true
2021-02-24 19:50:30,558 [Client thread] ERROR GottschCore | LootTableMaster2.java:252 | is file system (config) loot table current -> true
2021-02-24 19:50:30,561 [Client thread] ERROR GottschCore | LootTableMaster2.java:252 | is file system (config) loot table current -> true
2021-02-24 19:50:30,562 [Client thread] ERROR GottschCore | LootTableMaster2.java:252 | is file system (config) loot table current -> true
2021-02-24 19:50:30,562 [Client thread] ERROR GottschCore | LootTableMaster2.java:252 | is file system (config) loot table current -> true
2021-02-24 19:50:30,563 [Client thread] ERROR GottschCore | LootTableMaster2.java:252 | is file system (config) loot table current -> true
2021-02-24 19:50:30,563 [Client thread] ERROR GottschCore | LootTableMaster2.java:252 | is file system (config) loot table current -> true
2021-02-24 19:50:30,566 [Client thread] ERROR GottschCore | LootTableMaster2.java:252 | is file system (config) loot table current -> true
2021-02-24 19:50:30,567 [Client thread] ERROR GottschCore | LootTableMaster2.java:252 | is file system (config) loot table current -> true
2021-02-24 19:50:30,568 [Client thread] ERROR GottschCore | LootTableMaster2.java:252 | is file system (config) loot table current -> true
2021-02-24 19:50:30,568 [Client thread] ERROR GottschCore | LootTableMaster2.java:252 | is file system (config) loot table current -> true
2021-02-24 19:50:30,569 [Client thread] ERROR GottschCore | LootTableMaster2.java:252 | is file system (config) loot table current -> true
2021-02-24 19:50:30,572 [Client thread] ERROR GottschCore | LootTableMaster2.java:252 | is file system (config) loot table current -> true
2021-02-24 19:50:30,573 [Client thread] ERROR GottschCore | LootTableMaster2.java:432 | Unable to locate resource /loot_tables/treasure2/inject/uncommon/
2021-02-24 19:50:30,574 [Client thread] ERROR GottschCore | LootTableMaster2.java:432 | Unable to locate resource /loot_tables/treasure2/inject/scarce/
2021-02-24 19:50:30,574 [Client thread] ERROR GottschCore | LootTableMaster2.java:432 | Unable to locate resource /loot_tables/treasure2/inject/rare/
2021-02-24 19:50:30,575 [Client thread] ERROR GottschCore | LootTableMaster2.java:432 | Unable to locate resource /loot_tables/treasure2/inject/epic/
2021-02-24 19:50:30,619 [Client thread] ERROR GottschCore | AbstractResourceManager.java:173 | Unable to locate resource /structures/treasure2/float/
2021-02-24 19:52:15,214 [Client thread] INFO GottschCore | VersionChecker.java:110 | [gottschcore] Starting version check at https://raw.githubusercontent.com/gottsch/gottsch-minecraft-GottschCore/master/GottschCore1.12.2/update.json
2021-02-24 19:52:15,341 [Client thread] WARN GottschCore | VersionChecker.java:119 | Unexpected expection in data stream: 
java.io.FileNotFoundException: https://raw.githubusercontent.com/gottsch/gottsch-minecraft-GottschCore/master/GottschCore1.12.2/update.json
	at sun.net.www.protocol.http.HttpURLConnection.getInputStream0(HttpURLConnection.java:1835) ~[?:1.8.0_51]
	at sun.net.www.protocol.http.HttpURLConnection.access$200(HttpURLConnection.java:90) ~[?:1.8.0_51]
	at sun.net.www.protocol.http.HttpURLConnection$9.run(HttpURLConnection.java:1432) ~[?:1.8.0_51]
	at sun.net.www.protocol.http.HttpURLConnection$9.run(HttpURLConnection.java:1430) ~[?:1.8.0_51]
	at java.security.AccessController.doPrivileged(Native Method) ~[?:1.8.0_51]
	at java.security.AccessController.doPrivileged(AccessController.java:713) ~[?:1.8.0_51]
	at sun.net.www.protocol.http.HttpURLConnection.getInputStream(HttpURLConnection.java:1429) ~[?:1.8.0_51]
	at sun.net.www.protocol.https.HttpsURLConnectionImpl.getInputStream(HttpsURLConnectionImpl.java:254) ~[?:1.8.0_51]
	at java.net.URL.openStream(URL.java:1038) ~[?:1.8.0_51]
	at com.someguyssoftware.gottschcore.version.VersionChecker.getVersionUsingForge(VersionChecker.java:114) [VersionChecker.class:mc1.12.2-f14.23.5.2854-v1.14.0]
	at com.someguyssoftware.gottschcore.mod.AbstractMod.postInit(AbstractMod.java:65) [AbstractMod.class:mc1.12.2-f14.23.5.2854-v1.14.0]
	at com.someguyssoftware.gottschcore.GottschCore.postInit(GottschCore.java:89) [GottschCore.class:mc1.12.2-f14.23.5.2854-v1.14.0]
	at sun.reflect.NativeMethodAccessorImpl.invoke0(Native Method) ~[?:1.8.0_51]
	at sun.reflect.NativeMethodAccessorImpl.invoke(NativeMethodAccessorImpl.java:62) ~[?:1.8.0_51]
	at sun.reflect.DelegatingMethodAccessorImpl.invoke(DelegatingMethodAccessorImpl.java:43) ~[?:1.8.0_51]
	at java.lang.reflect.Method.invoke(Method.java:497) ~[?:1.8.0_51]
	at net.minecraftforge.fml.common.FMLModContainer.handleModStateEvent(FMLModContainer.java:637) [FMLModContainer.class:?]
	at sun.reflect.GeneratedMethodAccessor5.invoke(Unknown Source) ~[?:?]
	at sun.reflect.DelegatingMethodAccessorImpl.invoke(DelegatingMethodAccessorImpl.java:43) ~[?:1.8.0_51]
	at java.lang.reflect.Method.invoke(Method.java:497) ~[?:1.8.0_51]
	at com.google.common.eventbus.Subscriber.invokeSubscriberMethod(Subscriber.java:91) [guava-21.0.jar:?]
	at com.google.common.eventbus.Subscriber$SynchronizedSubscriber.invokeSubscriberMethod(Subscriber.java:150) [guava-21.0.jar:?]
	at com.google.common.eventbus.Subscriber$1.run(Subscriber.java:76) [guava-21.0.jar:?]
	at com.google.common.util.concurrent.MoreExecutors$DirectExecutor.execute(MoreExecutors.java:399) [guava-21.0.jar:?]
	at com.google.common.eventbus.Subscriber.dispatchEvent(Subscriber.java:71) [guava-21.0.jar:?]
	at com.google.common.eventbus.Dispatcher$PerThreadQueuedDispatcher.dispatch(Dispatcher.java:116) [guava-21.0.jar:?]
	at com.google.common.eventbus.EventBus.post(EventBus.java:217) [guava-21.0.jar:?]
	at net.minecraftforge.fml.common.LoadController.sendEventToModContainer(LoadController.java:219) [LoadController.class:?]
	at net.minecraftforge.fml.common.LoadController.propogateStateMessage(LoadController.java:197) [LoadController.class:?]
	at sun.reflect.NativeMethodAccessorImpl.invoke0(Native Method) ~[?:1.8.0_51]
	at sun.reflect.NativeMethodAccessorImpl.invoke(NativeMethodAccessorImpl.java:62) ~[?:1.8.0_51]
	at sun.reflect.DelegatingMethodAccessorImpl.invoke(DelegatingMethodAccessorImpl.java:43) ~[?:1.8.0_51]
	at java.lang.reflect.Method.invoke(Method.java:497) ~[?:1.8.0_51]
	at com.google.common.eventbus.Subscriber.invokeSubscriberMethod(Subscriber.java:91) [guava-21.0.jar:?]
	at com.google.common.eventbus.Subscriber$SynchronizedSubscriber.invokeSubscriberMethod(Subscriber.java:150) [guava-21.0.jar:?]
	at com.google.common.eventbus.Subscriber$1.run(Subscriber.java:76) [guava-21.0.jar:?]
	at com.google.common.util.concurrent.MoreExecutors$DirectExecutor.execute(MoreExecutors.java:399) [guava-21.0.jar:?]
	at com.google.common.eventbus.Subscriber.dispatchEvent(Subscriber.java:71) [guava-21.0.jar:?]
	at com.google.common.eventbus.Dispatcher$PerThreadQueuedDispatcher.dispatch(Dispatcher.java:116) [guava-21.0.jar:?]
	at com.google.common.eventbus.EventBus.post(EventBus.java:217) [guava-21.0.jar:?]
	at net.minecraftforge.fml.common.LoadController.distributeStateMessage(LoadController.java:136) [LoadController.class:?]
	at net.minecraftforge.fml.common.Loader.initializeMods(Loader.java:754) [Loader.class:?]
	at net.minecraftforge.fml.client.FMLClientHandler.finishMinecraftLoading(FMLClientHandler.java:336) [FMLClientHandler.class:?]
	at net.minecraft.client.Minecraft.func_71384_a(Minecraft.java:535) [bib.class:?]
	at net.minecraft.client.Minecraft.func_99999_d(Minecraft.java:4431) [bib.class:?]
	at net.minecraft.client.main.Main.main(SourceFile:123) [Main.class:?]
	at sun.reflect.NativeMethodAccessorImpl.invoke0(Native Method) ~[?:1.8.0_51]
	at sun.reflect.NativeMethodAccessorImpl.invoke(NativeMethodAccessorImpl.java:62) ~[?:1.8.0_51]
	at sun.reflect.DelegatingMethodAccessorImpl.invoke(DelegatingMethodAccessorImpl.java:43) ~[?:1.8.0_51]
	at java.lang.reflect.Method.invoke(Method.java:497) ~[?:1.8.0_51]
	at net.minecraft.launchwrapper.Launch.launch(Launch.java:135) [launchwrapper-1.12.jar:?]
	at net.minecraft.launchwrapper.Launch.main(Launch.java:28) [launchwrapper-1.12.jar:?]
2021-02-24 19:52:15,343 [Client thread] WARN GottschCore | VersionChecker.java:55 | Bad URL: null
2021-02-24 19:52:15,343 [Client thread] INFO GottschCore | VersionChecker.java:110 | [dungeons2] Starting version check at https://raw.githubusercontent.com/gottsch/gottsch-minecraft-Dungeons2/master/Dungeons2-1.12.2/update.json
2021-02-24 19:52:15,471 [Client thread] WARN GottschCore | VersionChecker.java:119 | Unexpected expection in data stream: 
java.io.FileNotFoundException: https://raw.githubusercontent.com/gottsch/gottsch-minecraft-Dungeons2/master/Dungeons2-1.12.2/update.json
	at sun.net.www.protocol.http.HttpURLConnection.getInputStream0(HttpURLConnection.java:1835) ~[?:1.8.0_51]
	at sun.net.www.protocol.http.HttpURLConnection.access$200(HttpURLConnection.java:90) ~[?:1.8.0_51]
	at sun.net.www.protocol.http.HttpURLConnection$9.run(HttpURLConnection.java:1432) ~[?:1.8.0_51]
	at sun.net.www.protocol.http.HttpURLConnection$9.run(HttpURLConnection.java:1430) ~[?:1.8.0_51]
	at java.security.AccessController.doPrivileged(Native Method) ~[?:1.8.0_51]
	at java.security.AccessController.doPrivileged(AccessController.java:713) ~[?:1.8.0_51]
	at sun.net.www.protocol.http.HttpURLConnection.getInputStream(HttpURLConnection.java:1429) ~[?:1.8.0_51]
	at sun.net.www.protocol.https.HttpsURLConnectionImpl.getInputStream(HttpsURLConnectionImpl.java:254) ~[?:1.8.0_51]
	at java.net.URL.openStream(URL.java:1038) ~[?:1.8.0_51]
	at com.someguyssoftware.gottschcore.version.VersionChecker.getVersionUsingForge(VersionChecker.java:114) [VersionChecker.class:mc1.12.2-f14.23.5.2854-v1.14.0]
	at com.someguyssoftware.gottschcore.mod.AbstractMod.postInit(AbstractMod.java:65) [AbstractMod.class:mc1.12.2-f14.23.5.2854-v1.14.0]
	at com.someguyssoftware.dungeons2.Dungeons2.postInit(Dungeons2.java:199) [Dungeons2.class:?]
	at sun.reflect.NativeMethodAccessorImpl.invoke0(Native Method) ~[?:1.8.0_51]
	at sun.reflect.NativeMethodAccessorImpl.invoke(NativeMethodAccessorImpl.java:62) ~[?:1.8.0_51]
	at sun.reflect.DelegatingMethodAccessorImpl.invoke(DelegatingMethodAccessorImpl.java:43) ~[?:1.8.0_51]
	at java.lang.reflect.Method.invoke(Method.java:497) ~[?:1.8.0_51]
	at net.minecraftforge.fml.common.FMLModContainer.handleModStateEvent(FMLModContainer.java:637) [FMLModContainer.class:?]
	at sun.reflect.GeneratedMethodAccessor5.invoke(Unknown Source) ~[?:?]
	at sun.reflect.DelegatingMethodAccessorImpl.invoke(DelegatingMethodAccessorImpl.java:43) ~[?:1.8.0_51]
	at java.lang.reflect.Method.invoke(Method.java:497) ~[?:1.8.0_51]
	at com.google.common.eventbus.Subscriber.invokeSubscriberMethod(Subscriber.java:91) [guava-21.0.jar:?]
	at com.google.common.eventbus.Subscriber$SynchronizedSubscriber.invokeSubscriberMethod(Subscriber.java:150) [guava-21.0.jar:?]
	at com.google.common.eventbus.Subscriber$1.run(Subscriber.java:76) [guava-21.0.jar:?]
	at com.google.common.util.concurrent.MoreExecutors$DirectExecutor.execute(MoreExecutors.java:399) [guava-21.0.jar:?]
	at com.google.common.eventbus.Subscriber.dispatchEvent(Subscriber.java:71) [guava-21.0.jar:?]
	at com.google.common.eventbus.Dispatcher$PerThreadQueuedDispatcher.dispatch(Dispatcher.java:116) [guava-21.0.jar:?]
	at com.google.common.eventbus.EventBus.post(EventBus.java:217) [guava-21.0.jar:?]
	at net.minecraftforge.fml.common.LoadController.sendEventToModContainer(LoadController.java:219) [LoadController.class:?]
	at net.minecraftforge.fml.common.LoadController.propogateStateMessage(LoadController.java:197) [LoadController.class:?]
	at sun.reflect.NativeMethodAccessorImpl.invoke0(Native Method) ~[?:1.8.0_51]
	at sun.reflect.NativeMethodAccessorImpl.invoke(NativeMethodAccessorImpl.java:62) ~[?:1.8.0_51]
	at sun.reflect.DelegatingMethodAccessorImpl.invoke(DelegatingMethodAccessorImpl.java:43) ~[?:1.8.0_51]
	at java.lang.reflect.Method.invoke(Method.java:497) ~[?:1.8.0_51]
	at com.google.common.eventbus.Subscriber.invokeSubscriberMethod(Subscriber.java:91) [guava-21.0.jar:?]
	at com.google.common.eventbus.Subscriber$SynchronizedSubscriber.invokeSubscriberMethod(Subscriber.java:150) [guava-21.0.jar:?]
	at com.google.common.eventbus.Subscriber$1.run(Subscriber.java:76) [guava-21.0.jar:?]
	at com.google.common.util.concurrent.MoreExecutors$DirectExecutor.execute(MoreExecutors.java:399) [guava-21.0.jar:?]
	at com.google.common.eventbus.Subscriber.dispatchEvent(Subscriber.java:71) [guava-21.0.jar:?]
	at com.google.common.eventbus.Dispatcher$PerThreadQueuedDispatcher.dispatch(Dispatcher.java:116) [guava-21.0.jar:?]
	at com.google.common.eventbus.EventBus.post(EventBus.java:217) [guava-21.0.jar:?]
	at net.minecraftforge.fml.common.LoadController.distributeStateMessage(LoadController.java:136) [LoadController.class:?]
	at net.minecraftforge.fml.common.Loader.initializeMods(Loader.java:754) [Loader.class:?]
	at net.minecraftforge.fml.client.FMLClientHandler.finishMinecraftLoading(FMLClientHandler.java:336) [FMLClientHandler.class:?]
	at net.minecraft.client.Minecraft.func_71384_a(Minecraft.java:535) [bib.class:?]
	at net.minecraft.client.Minecraft.func_99999_d(Minecraft.java:4431) [bib.class:?]
	at net.minecraft.client.main.Main.main(SourceFile:123) [Main.class:?]
	at sun.reflect.NativeMethodAccessorImpl.invoke0(Native Method) ~[?:1.8.0_51]
	at sun.reflect.NativeMethodAccessorImpl.invoke(NativeMethodAccessorImpl.java:62) ~[?:1.8.0_51]
	at sun.reflect.DelegatingMethodAccessorImpl.invoke(DelegatingMethodAccessorImpl.java:43) ~[?:1.8.0_51]
	at java.lang.reflect.Method.invoke(Method.java:497) ~[?:1.8.0_51]
	at net.minecraft.launchwrapper.Launch.launch(Launch.java:135) [launchwrapper-1.12.jar:?]
	at net.minecraft.launchwrapper.Launch.main(Launch.java:28) [launchwrapper-1.12.jar:?]
2021-02-24 19:52:15,472 [Client thread] WARN GottschCore | VersionChecker.java:55 | Bad URL: 
2021-02-24 19:52:28,026 [Client thread] INFO GottschCore | VersionChecker.java:110 | [treasure2] Starting version check at https://raw.githubusercontent.com/gottsch/gottsch-minecraft-Treasure/master/update.json
2021-02-24 19:56:36,453 [Server thread] ERROR GottschCore | LootTableMaster2.java:252 | is file system (config) loot table current -> true
2021-02-24 19:56:36,454 [Server thread] ERROR GottschCore | LootTableMaster2.java:252 | is file system (config) loot table current -> true
2021-02-24 19:56:36,455 [Server thread] ERROR GottschCore | LootTableMaster2.java:252 | is file system (config) loot table current -> true
2021-02-24 19:56:36,458 [Server thread] ERROR GottschCore | LootTableMaster2.java:252 | is file system (config) loot table current -> true
2021-02-24 19:56:36,459 [Server thread] ERROR GottschCore | LootTableMaster2.java:252 | is file system (config) loot table current -> true
2021-02-24 19:56:36,459 [Server thread] ERROR GottschCore | LootTableMaster2.java:252 | is file system (config) loot table current -> true
2021-02-24 19:56:36,463 [Server thread] ERROR GottschCore | LootTableMaster2.java:252 | is file system (config) loot table current -> true
2021-02-24 19:56:36,463 [Server thread] ERROR GottschCore | LootTableMaster2.java:252 | is file system (config) loot table current -> true
2021-02-24 19:56:36,464 [Server thread] ERROR GottschCore | LootTableMaster2.java:252 | is file system (config) loot table current -> true
2021-02-24 19:56:36,467 [Server thread] ERROR GottschCore | LootTableMaster2.java:252 | is file system (config) loot table current -> true
2021-02-24 19:56:36,468 [Server thread] ERROR GottschCore | LootTableMaster2.java:252 | is file system (config) loot table current -> true
2021-02-24 19:56:36,468 [Server thread] ERROR GottschCore | LootTableMaster2.java:252 | is file system (config) loot table current -> true
2021-02-24 19:56:36,471 [Server thread] ERROR GottschCore | LootTableMaster2.java:252 | is file system (config) loot table current -> true
2021-02-24 19:56:36,475 [Server thread] ERROR GottschCore | LootTableMaster2.java:252 | is file system (config) loot table current -> true
2021-02-24 19:56:36,475 [Server thread] ERROR GottschCore | LootTableMaster2.java:252 | is file system (config) loot table current -> true
2021-02-24 19:56:36,476 [Server thread] ERROR GottschCore | LootTableMaster2.java:252 | is file system (config) loot table current -> true
2021-02-24 19:56:36,476 [Server thread] ERROR GottschCore | LootTableMaster2.java:252 | is file system (config) loot table current -> true
2021-02-24 19:56:36,477 [Server thread] ERROR GottschCore | LootTableMaster2.java:252 | is file system (config) loot table current -> true
2021-02-24 19:56:36,477 [Server thread] ERROR GottschCore | LootTableMaster2.java:252 | is file system (config) loot table current -> true
2021-02-24 19:56:36,478 [Server thread] ERROR GottschCore | LootTableMaster2.java:252 | is file system (config) loot table current -> true
2021-02-24 19:56:36,481 [Server thread] ERROR GottschCore | LootTableMaster2.java:252 | is file system (config) loot table current -> true
2021-02-24 19:56:36,481 [Server thread] ERROR GottschCore | LootTableMaster2.java:252 | is file system (config) loot table current -> true
2021-02-24 19:56:36,482 [Server thread] ERROR GottschCore | LootTableMaster2.java:252 | is file system (config) loot table current -> true
2021-02-24 19:56:36,482 [Server thread] ERROR GottschCore | LootTableMaster2.java:252 | is file system (config) loot table current -> true
2021-02-24 19:56:36,483 [Server thread] ERROR GottschCore | LootTableMaster2.java:252 | is file system (config) loot table current -> true
2021-02-24 19:56:36,483 [Server thread] ERROR GottschCore | LootTableMaster2.java:252 | is file system (config) loot table current -> true
2021-02-24 19:56:36,484 [Server thread] ERROR GottschCore | LootTableMaster2.java:252 | is file system (config) loot table current -> true
2021-02-24 19:56:36,484 [Server thread] ERROR GottschCore | LootTableMaster2.java:252 | is file system (config) loot table current -> true
2021-02-24 19:56:36,485 [Server thread] ERROR GottschCore | LootTableMaster2.java:252 | is file system (config) loot table current -> true
2021-02-24 19:56:36,488 [Server thread] ERROR GottschCore | LootTableMaster2.java:252 | is file system (config) loot table current -> true
2021-02-24 19:56:36,488 [Server thread] ERROR GottschCore | LootTableMaster2.java:252 | is file system (config) loot table current -> true
2021-02-24 19:56:36,489 [Server thread] ERROR GottschCore | LootTableMaster2.java:252 | is file system (config) loot table current -> true
2021-02-24 19:56:36,489 [Server thread] ERROR GottschCore | LootTableMaster2.java:252 | is file system (config) loot table current -> true
2021-02-24 19:56:36,490 [Server thread] ERROR GottschCore | LootTableMaster2.java:252 | is file system (config) loot table current -> true
2021-02-24 19:56:36,493 [Server thread] ERROR GottschCore | LootTableMaster2.java:252 | is file system (config) loot table current -> true
2021-02-24 19:56:36,494 [Server thread] ERROR GottschCore | LootTableMaster2.java:252 | is file system (config) loot table current -> true
2021-02-24 19:56:36,494 [Server thread] ERROR GottschCore | LootTableMaster2.java:252 | is file system (config) loot table current -> true
2021-02-24 19:56:36,494 [Server thread] ERROR GottschCore | LootTableMaster2.java:252 | is file system (config) loot table current -> true
2021-02-24 19:56:36,495 [Server thread] ERROR GottschCore | LootTableMaster2.java:252 | is file system (config) loot table current -> true
2021-02-24 19:56:36,498 [Server thread] ERROR GottschCore | LootTableMaster2.java:252 | is file system (config) loot table current -> true
2021-02-24 19:56:36,499 [Server thread] ERROR GottschCore | LootTableMaster2.java:252 | is file system (config) loot table current -> true
2021-02-24 19:56:36,499 [Server thread] ERROR GottschCore | LootTableMaster2.java:252 | is file system (config) loot table current -> true
2021-02-24 19:56:36,499 [Server thread] ERROR GottschCore | LootTableMaster2.java:252 | is file system (config) loot table current -> true
2021-02-24 19:56:36,500 [Server thread] ERROR GottschCore | LootTableMaster2.java:252 | is file system (config) loot table current -> true
2021-02-24 19:56:36,503 [Server thread] ERROR GottschCore | LootTableMaster2.java:252 | is file system (config) loot table current -> true
2021-02-24 19:56:36,504 [Server thread] ERROR GottschCore | LootTableMaster2.java:252 | is file system (config) loot table current -> true
2021-02-24 19:56:36,504 [Server thread] ERROR GottschCore | LootTableMaster2.java:252 | is file system (config) loot table current -> true
2021-02-24 19:56:36,505 [Server thread] ERROR GottschCore | LootTableMaster2.java:252 | is file system (config) loot table current -> true
2021-02-24 19:56:36,505 [Server thread] ERROR GottschCore | LootTableMaster2.java:252 | is file system (config) loot table current -> true
2021-02-24 19:56:36,509 [Server thread] ERROR GottschCore | LootTableMaster2.java:252 | is file system (config) loot table current -> true
2021-02-24 19:56:36,510 [Server thread] ERROR GottschCore | LootTableMaster2.java:252 | is file system (config) loot table current -> true
2021-02-24 19:56:36,510 [Server thread] ERROR GottschCore | LootTableMaster2.java:252 | is file system (config) loot table current -> true
2021-02-24 19:56:36,511 [Server thread] ERROR GottschCore | LootTableMaster2.java:252 | is file system (config) loot table current -> true
2021-02-24 19:56:36,511 [Server thread] ERROR GottschCore | LootTableMaster2.java:252 | is file system (config) loot table current -> true
2021-02-24 19:56:36,515 [Server thread] ERROR GottschCore | LootTableMaster2.java:252 | is file system (config) loot table current -> true
2021-02-24 19:56:36,516 [Server thread] ERROR GottschCore | LootTableMaster2.java:432 | Unable to locate resource /loot_tables/treasure2/inject/uncommon/
2021-02-24 19:56:36,517 [Server thread] ERROR GottschCore | LootTableMaster2.java:432 | Unable to locate resource /loot_tables/treasure2/inject/scarce/
2021-02-24 19:56:36,517 [Server thread] ERROR GottschCore | LootTableMaster2.java:432 | Unable to locate resource /loot_tables/treasure2/inject/rare/
2021-02-24 19:56:36,518 [Server thread] ERROR GottschCore | LootTableMaster2.java:432 | Unable to locate resource /loot_tables/treasure2/inject/epic/
